e:\sourcefile\gnsshw1\gnsshw1\x64\debug\vc143.pdb
e:\sourcefile\gnsshw1\gnsshw1\x64\debug\vc143.idb
e:\sourcefile\gnsshw1\gnsshw1\x64\debug\main.obj
e:\sourcefile\gnsshw1\gnsshw1\x64\debug\timetransform.obj
e:\sourcefile\gnsshw1\gnsshw1\x64\debug\readfiletools.obj
e:\sourcefile\gnsshw1\gnsshw1\x64\debug\computetools.obj
e:\sourcefile\gnsshw1\gnsshw1\x64\debug\sp3read.obj
e:\sourcefile\gnsshw1\x64\debug\gnsshw1.exe
e:\sourcefile\gnsshw1\gnsshw1\x64\debug\gnsshw1.ilk
e:\sourcefile\gnsshw1\x64\debug\gnsshw1.pdb
e:\sourcefile\gnsshw1\gnsshw1\x64\debug\tools.obj
e:\sourcefile\gnsshw1\gnsshw1\x64\debug\main.obj.enc
e:\sourcefile\gnsshw1\gnsshw1\x64\debug\readfiletools.obj.enc
e:\sourcefile\gnsshw1\gnsshw1\x64\debug\tools.obj.enc
e:\sourcefile\gnsshw1\gnsshw1\x64\debug\gnsshw1.tlog\cl.command.1.tlog
e:\sourcefile\gnsshw1\gnsshw1\x64\debug\gnsshw1.tlog\cl.read.1.tlog
e:\sourcefile\gnsshw1\gnsshw1\x64\debug\gnsshw1.tlog\cl.write.1.tlog
e:\sourcefile\gnsshw1\gnsshw1\x64\debug\gnsshw1.tlog\link.command.1.tlog
e:\sourcefile\gnsshw1\gnsshw1\x64\debug\gnsshw1.tlog\link.read.1.tlog
e:\sourcefile\gnsshw1\gnsshw1\x64\debug\gnsshw1.tlog\link.write.1.tlog
